G:\FANTASY_FUSION\DEBUG\BOSS.OBJ
G:\FANTASY_FUSION\DEBUG\DIVINEKNIGHT.OBJ
G:\FANTASY_FUSION\DEBUG\HERO.OBJ
G:\FANTASY_FUSION\DEBUG\MAIN.OBJ
G:\FANTASY_FUSION\DEBUG\MONK.OBJ
G:\FANTASY_FUSION\DEBUG\SOLDIER.OBJ
G:\FANTASY_FUSION\DEBUG\VIERA.OBJ
G:\FANTASY_FUSION\DEBUG\VC110.PDB
G:\FANTASY_FUSION\DEBUG\FANTASY_FUSION.ILK
G:\FANTASY_FUSION\DEBUG\FANTASY_FUSION.EXE
G:\FANTASY_FUSION\DEBUG\FANTASY_FUSION.PDB
G:\Fantasy_Fusion\Debug\Boss.obj
G:\Fantasy_Fusion\Debug\DivineKnight.obj
G:\Fantasy_Fusion\Debug\Hero.obj
G:\Fantasy_Fusion\Debug\Main.obj
G:\Fantasy_Fusion\Debug\Monk.obj
G:\Fantasy_Fusion\Debug\Soldier.obj
G:\Fantasy_Fusion\Debug\Viera.obj
G:\Fantasy_Fusion\Debug\Fantasy_Fusion.ilk
G:\Fantasy_Fusion\Debug\cl.command.1.tlog
G:\Fantasy_Fusion\Debug\CL.read.1.tlog
G:\Fantasy_Fusion\Debug\CL.write.1.tlog
G:\Fantasy_Fusion\Debug\link-cvtres.read.1.tlog
G:\Fantasy_Fusion\Debug\link-cvtres.write.1.tlog
G:\Fantasy_Fusion\Debug\link-rc.read.1.tlog
G:\Fantasy_Fusion\Debug\link-rc.write.1.tlog
G:\Fantasy_Fusion\Debug\link.command.1.tlog
G:\Fantasy_Fusion\Debug\link.read.1.tlog
G:\Fantasy_Fusion\Debug\link.write.1.tlog
G:\Fantasy_Fusion\Debug\vc110.idb
G:\Fantasy_Fusion\Debug\Fantasy_Fusion.pdb
G:\Fantasy_Fusion\Debug\vc110.pdb
G:\Fantasy_Fusion\Debug\Fantasy_Fusion.exe
